[05-Aug-2021 09:55:17 UTC] PHP Deprecated:  Theme without sidebar.php is <strong>deprecated</strong> since version 3.0.0 with no alternative available. Please include a sidebar.php template in your theme. in C:\wamp64\www\WordPress\wp-includes\functions.php on line 5061
[05-Aug-2021 09:55:17 UTC] PHP Stack trace:
[05-Aug-2021 09:55:17 UTC] PHP   1. {main}() C:\wamp64\www\WordPress\index.php:0
[05-Aug-2021 09:55:17 UTC] PHP   2. require() C:\wamp64\www\WordPress\index.php:17
[05-Aug-2021 09:55:17 UTC] PHP   3. require_once() C:\wamp64\www\WordPress\wp-blog-header.php:19
[05-Aug-2021 09:55:17 UTC] PHP   4. include() C:\wamp64\www\WordPress\wp-includes\template-loader.php:106
[05-Aug-2021 09:55:17 UTC] PHP   5. get_template_part() C:\wamp64\www\WordPress\wp-content\themes\createtheme\home.php:131
[05-Aug-2021 09:55:17 UTC] PHP   6. locate_template() C:\wamp64\www\WordPress\wp-includes\general-template.php:204
[05-Aug-2021 09:55:17 UTC] PHP   7. load_template() C:\wamp64\www\WordPress\wp-includes\template.php:676
[05-Aug-2021 09:55:17 UTC] PHP   8. require() C:\wamp64\www\WordPress\wp-includes\template.php:732
[05-Aug-2021 09:55:17 UTC] PHP   9. get_sidebar() C:\wamp64\www\WordPress\wp-content\themes\createtheme\page.php:5
[05-Aug-2021 09:55:17 UTC] PHP  10. locate_template() C:\wamp64\www\WordPress\wp-includes\general-template.php:136
[05-Aug-2021 09:55:17 UTC] PHP  11. load_template() C:\wamp64\www\WordPress\wp-includes\template.php:676
[05-Aug-2021 09:55:17 UTC] PHP  12. require_once() C:\wamp64\www\WordPress\wp-includes\template.php:730
[05-Aug-2021 09:55:17 UTC] PHP  13. _deprecated_file() C:\wamp64\www\WordPress\wp-includes\theme-compat\sidebar.php:15
[05-Aug-2021 09:55:17 UTC] PHP  14. trigger_error() C:\wamp64\www\WordPress\wp-includes\functions.php:5061
[05-Aug-2021 09:55:42 UTC] PHP Deprecated:  Theme without sidebar.php is <strong>deprecated</strong> since version 3.0.0 with no alternative available. Please include a sidebar.php template in your theme. in C:\wamp64\www\WordPress\wp-includes\functions.php on line 5061
[05-Aug-2021 09:55:42 UTC] PHP Stack trace:
[05-Aug-2021 09:55:42 UTC] PHP   1. {main}() C:\wamp64\www\WordPress\index.php:0
[05-Aug-2021 09:55:42 UTC] PHP   2. require() C:\wamp64\www\WordPress\index.php:17
[05-Aug-2021 09:55:42 UTC] PHP   3. require_once() C:\wamp64\www\WordPress\wp-blog-header.php:19
[05-Aug-2021 09:55:42 UTC] PHP   4. include() C:\wamp64\www\WordPress\wp-includes\template-loader.php:106
[05-Aug-2021 09:55:42 UTC] PHP   5. get_template_part() C:\wamp64\www\WordPress\wp-content\themes\createtheme\home.php:131
[05-Aug-2021 09:55:42 UTC] PHP   6. locate_template() C:\wamp64\www\WordPress\wp-includes\general-template.php:204
[05-Aug-2021 09:55:42 UTC] PHP   7. load_template() C:\wamp64\www\WordPress\wp-includes\template.php:676
[05-Aug-2021 09:55:42 UTC] PHP   8. require() C:\wamp64\www\WordPress\wp-includes\template.php:732
[05-Aug-2021 09:55:42 UTC] PHP   9. get_sidebar() C:\wamp64\www\WordPress\wp-content\themes\createtheme\page.php:5
[05-Aug-2021 09:55:42 UTC] PHP  10. locate_template() C:\wamp64\www\WordPress\wp-includes\general-template.php:136
[05-Aug-2021 09:55:42 UTC] PHP  11. load_template() C:\wamp64\www\WordPress\wp-includes\template.php:676
[05-Aug-2021 09:55:42 UTC] PHP  12. require_once() C:\wamp64\www\WordPress\wp-includes\template.php:730
[05-Aug-2021 09:55:42 UTC] PHP  13. _deprecated_file() C:\wamp64\www\WordPress\wp-includes\theme-compat\sidebar.php:15
[05-Aug-2021 09:55:42 UTC] PHP  14. trigger_error() C:\wamp64\www\WordPress\wp-includes\functions.php:5061
[05-Aug-2021 09:57:22 UTC] PHP Deprecated:  Theme without sidebar.php is <strong>deprecated</strong> since version 3.0.0 with no alternative available. Please include a sidebar.php template in your theme. in C:\wamp64\www\WordPress\wp-includes\functions.php on line 5061
[05-Aug-2021 09:57:22 UTC] PHP Stack trace:
[05-Aug-2021 09:57:22 UTC] PHP   1. {main}() C:\wamp64\www\WordPress\index.php:0
[05-Aug-2021 09:57:22 UTC] PHP   2. require() C:\wamp64\www\WordPress\index.php:17
[05-Aug-2021 09:57:22 UTC] PHP   3. require_once() C:\wamp64\www\WordPress\wp-blog-header.php:19
[05-Aug-2021 09:57:22 UTC] PHP   4. include() C:\wamp64\www\WordPress\wp-includes\template-loader.php:106
[05-Aug-2021 09:57:22 UTC] PHP   5. get_template_part() C:\wamp64\www\WordPress\wp-content\themes\createtheme\home.php:131
[05-Aug-2021 09:57:22 UTC] PHP   6. locate_template() C:\wamp64\www\WordPress\wp-includes\general-template.php:204
[05-Aug-2021 09:57:22 UTC] PHP   7. load_template() C:\wamp64\www\WordPress\wp-includes\template.php:676
[05-Aug-2021 09:57:22 UTC] PHP   8. require() C:\wamp64\www\WordPress\wp-includes\template.php:732
[05-Aug-2021 09:57:22 UTC] PHP   9. get_sidebar() C:\wamp64\www\WordPress\wp-content\themes\createtheme\page.php:5
[05-Aug-2021 09:57:22 UTC] PHP  10. locate_template() C:\wamp64\www\WordPress\wp-includes\general-template.php:136
[05-Aug-2021 09:57:22 UTC] PHP  11. load_template() C:\wamp64\www\WordPress\wp-includes\template.php:676
[05-Aug-2021 09:57:22 UTC] PHP  12. require_once() C:\wamp64\www\WordPress\wp-includes\template.php:730
[05-Aug-2021 09:57:22 UTC] PHP  13. _deprecated_file() C:\wamp64\www\WordPress\wp-includes\theme-compat\sidebar.php:15
[05-Aug-2021 09:57:22 UTC] PHP  14. trigger_error() C:\wamp64\www\WordPress\wp-includes\functions.php:5061
[05-Aug-2021 09:57:38 UTC] PHP Deprecated:  Theme without sidebar.php is <strong>deprecated</strong> since version 3.0.0 with no alternative available. Please include a sidebar.php template in your theme. in C:\wamp64\www\WordPress\wp-includes\functions.php on line 5061
[05-Aug-2021 09:57:38 UTC] PHP Stack trace:
[05-Aug-2021 09:57:38 UTC] PHP   1. {main}() C:\wamp64\www\WordPress\index.php:0
[05-Aug-2021 09:57:38 UTC] PHP   2. require() C:\wamp64\www\WordPress\index.php:17
[05-Aug-2021 09:57:38 UTC] PHP   3. require_once() C:\wamp64\www\WordPress\wp-blog-header.php:19
[05-Aug-2021 09:57:38 UTC] PHP   4. include() C:\wamp64\www\WordPress\wp-includes\template-loader.php:106
[05-Aug-2021 09:57:38 UTC] PHP   5. get_template_part() C:\wamp64\www\WordPress\wp-content\themes\createtheme\home.php:131
[05-Aug-2021 09:57:38 UTC] PHP   6. locate_template() C:\wamp64\www\WordPress\wp-includes\general-template.php:204
[05-Aug-2021 09:57:38 UTC] PHP   7. load_template() C:\wamp64\www\WordPress\wp-includes\template.php:676
[05-Aug-2021 09:57:38 UTC] PHP   8. require() C:\wamp64\www\WordPress\wp-includes\template.php:732
[05-Aug-2021 09:57:38 UTC] PHP   9. get_sidebar() C:\wamp64\www\WordPress\wp-content\themes\createtheme\page.php:5
[05-Aug-2021 09:57:38 UTC] PHP  10. locate_template() C:\wamp64\www\WordPress\wp-includes\general-template.php:136
[05-Aug-2021 09:57:38 UTC] PHP  11. load_template() C:\wamp64\www\WordPress\wp-includes\template.php:676
[05-Aug-2021 09:57:38 UTC] PHP  12. require_once() C:\wamp64\www\WordPress\wp-includes\template.php:730
[05-Aug-2021 09:57:38 UTC] PHP  13. _deprecated_file() C:\wamp64\www\WordPress\wp-includes\theme-compat\sidebar.php:15
[05-Aug-2021 09:57:38 UTC] PHP  14. trigger_error() C:\wamp64\www\WordPress\wp-includes\functions.php:5061
[05-Aug-2021 09:59:16 UTC] PHP Deprecated:  Theme without sidebar.php is <strong>deprecated</strong> since version 3.0.0 with no alternative available. Please include a sidebar.php template in your theme. in C:\wamp64\www\WordPress\wp-includes\functions.php on line 5061
[05-Aug-2021 09:59:16 UTC] PHP Stack trace:
[05-Aug-2021 09:59:16 UTC] PHP   1. {main}() C:\wamp64\www\WordPress\index.php:0
[05-Aug-2021 09:59:16 UTC] PHP   2. require() C:\wamp64\www\WordPress\index.php:17
[05-Aug-2021 09:59:16 UTC] PHP   3. require_once() C:\wamp64\www\WordPress\wp-blog-header.php:19
[05-Aug-2021 09:59:16 UTC] PHP   4. include() C:\wamp64\www\WordPress\wp-includes\template-loader.php:106
[05-Aug-2021 09:59:16 UTC] PHP   5. get_template_part() C:\wamp64\www\WordPress\wp-content\themes\createtheme\home.php:131
[05-Aug-2021 09:59:16 UTC] PHP   6. locate_template() C:\wamp64\www\WordPress\wp-includes\general-template.php:204
[05-Aug-2021 09:59:16 UTC] PHP   7. load_template() C:\wamp64\www\WordPress\wp-includes\template.php:676
[05-Aug-2021 09:59:16 UTC] PHP   8. require() C:\wamp64\www\WordPress\wp-includes\template.php:732
[05-Aug-2021 09:59:16 UTC] PHP   9. get_sidebar() C:\wamp64\www\WordPress\wp-content\themes\createtheme\page.php:5
[05-Aug-2021 09:59:16 UTC] PHP  10. locate_template() C:\wamp64\www\WordPress\wp-includes\general-template.php:136
[05-Aug-2021 09:59:16 UTC] PHP  11. load_template() C:\wamp64\www\WordPress\wp-includes\template.php:676
[05-Aug-2021 09:59:16 UTC] PHP  12. require_once() C:\wamp64\www\WordPress\wp-includes\template.php:730
[05-Aug-2021 09:59:16 UTC] PHP  13. _deprecated_file() C:\wamp64\www\WordPress\wp-includes\theme-compat\sidebar.php:15
[05-Aug-2021 09:59:16 UTC] PHP  14. trigger_error() C:\wamp64\www\WordPress\wp-includes\functions.php:5061
[05-Aug-2021 10:00:50 UTC] PHP Deprecated:  Theme without sidebar.php is <strong>deprecated</strong> since version 3.0.0 with no alternative available. Please include a sidebar.php template in your theme. in C:\wamp64\www\WordPress\wp-includes\functions.php on line 5061
[05-Aug-2021 10:00:50 UTC] PHP Stack trace:
[05-Aug-2021 10:00:50 UTC] PHP   1. {main}() C:\wamp64\www\WordPress\index.php:0
[05-Aug-2021 10:00:50 UTC] PHP   2. require() C:\wamp64\www\WordPress\index.php:17
[05-Aug-2021 10:00:50 UTC] PHP   3. require_once() C:\wamp64\www\WordPress\wp-blog-header.php:19
[05-Aug-2021 10:00:50 UTC] PHP   4. include() C:\wamp64\www\WordPress\wp-includes\template-loader.php:106
[05-Aug-2021 10:00:50 UTC] PHP   5. get_template_part() C:\wamp64\www\WordPress\wp-content\themes\createtheme\home.php:131
[05-Aug-2021 10:00:50 UTC] PHP   6. locate_template() C:\wamp64\www\WordPress\wp-includes\general-template.php:204
[05-Aug-2021 10:00:50 UTC] PHP   7. load_template() C:\wamp64\www\WordPress\wp-includes\template.php:676
[05-Aug-2021 10:00:50 UTC] PHP   8. require() C:\wamp64\www\WordPress\wp-includes\template.php:732
[05-Aug-2021 10:00:50 UTC] PHP   9. get_sidebar() C:\wamp64\www\WordPress\wp-content\themes\createtheme\page.php:5
[05-Aug-2021 10:00:50 UTC] PHP  10. locate_template() C:\wamp64\www\WordPress\wp-includes\general-template.php:136
[05-Aug-2021 10:00:50 UTC] PHP  11. load_template() C:\wamp64\www\WordPress\wp-includes\template.php:676
[05-Aug-2021 10:00:50 UTC] PHP  12. require_once() C:\wamp64\www\WordPress\wp-includes\template.php:730
[05-Aug-2021 10:00:50 UTC] PHP  13. _deprecated_file() C:\wamp64\www\WordPress\wp-includes\theme-compat\sidebar.php:15
[05-Aug-2021 10:00:50 UTC] PHP  14. trigger_error() C:\wamp64\www\WordPress\wp-includes\functions.php:5061
[08-Aug-2021 11:09:02 UTC] PHP Warning:  call_user_func_array() expects parameter 1 to be a valid callback, function 'custom_logo_setup' not found or invalid function name in C:\wamp64\www\WordPress\wp-includes\class-wp-hook.php on line 292
[08-Aug-2021 11:09:02 UTC] PHP Stack trace:
[08-Aug-2021 11:09:02 UTC] PHP   1. {main}() C:\wamp64\www\WordPress\wp-admin\admin-ajax.php:0
[08-Aug-2021 11:09:02 UTC] PHP   2. require_once() C:\wamp64\www\WordPress\wp-admin\admin-ajax.php:22
[08-Aug-2021 11:09:02 UTC] PHP   3. require_once() C:\wamp64\www\WordPress\wp-load.php:37
[08-Aug-2021 11:09:02 UTC] PHP   4. require_once() C:\wamp64\www\WordPress\wp-config.php:92
[08-Aug-2021 11:09:02 UTC] PHP   5. do_action() C:\wamp64\www\WordPress\wp-settings.php:538
[08-Aug-2021 11:09:02 UTC] PHP   6. WP_Hook->do_action() C:\wamp64\www\WordPress\wp-includes\plugin.php:484
[08-Aug-2021 11:09:02 UTC] PHP   7. WP_Hook->apply_filters() C:\wamp64\www\WordPress\wp-includes\class-wp-hook.php:316
[08-Aug-2021 11:10:16 UTC] PHP Parse error:  syntax error, unexpected '}', expecting end of file in C:\wamp64\www\WordPress\wp-content\themes\createtheme\functions.php on line 37
[08-Aug-2021 11:10:19 UTC] PHP Parse error:  syntax error, unexpected '}', expecting end of file in C:\wamp64\www\WordPress\wp-content\themes\createtheme\functions.php on line 37
[08-Aug-2021 12:35:18 UTC] PHP Notice:  Undefined variable: logo in C:\wamp64\www\WordPress\wp-content\themes\createtheme\header.php on line 119
[08-Aug-2021 12:35:18 UTC] PHP Stack trace:
[08-Aug-2021 12:35:18 UTC] PHP   1. {main}() C:\wamp64\www\WordPress\index.php:0
[08-Aug-2021 12:35:18 UTC] PHP   2. require() C:\wamp64\www\WordPress\index.php:17
[08-Aug-2021 12:35:18 UTC] PHP   3. require_once() C:\wamp64\www\WordPress\wp-blog-header.php:19
[08-Aug-2021 12:35:18 UTC] PHP   4. include() C:\wamp64\www\WordPress\wp-includes\template-loader.php:106
[08-Aug-2021 12:35:18 UTC] PHP   5. get_header() C:\wamp64\www\WordPress\wp-content\themes\createtheme\home.php:167
[08-Aug-2021 12:35:18 UTC] PHP   6. locate_template() C:\wamp64\www\WordPress\wp-includes\general-template.php:48
[08-Aug-2021 12:35:18 UTC] PHP   7. load_template() C:\wamp64\www\WordPress\wp-includes\template.php:676
[08-Aug-2021 12:35:18 UTC] PHP   8. require_once() C:\wamp64\www\WordPress\wp-includes\template.php:730
[08-Aug-2021 12:40:15 UTC] PHP Parse error:  syntax error, unexpected '<' in C:\wamp64\www\WordPress\wp-content\themes\createtheme\header.php on line 119
[09-Aug-2021 07:04:20 UTC] PHP Warning:  An unexpected error occurred. Something may be wrong with WordPress.org or this server&#8217;s configuration. If you continue to have problems, please try the <a href="https://wordpress.org/support/forums/">support forums</a>. (WordPress could not establish a secure connection to WordPress.org. Please contact your server administrator.) in C:\wamp64\www\WordPress\wp-includes\update.php on line 410
[09-Aug-2021 07:04:20 UTC] PHP Stack trace:
[09-Aug-2021 07:04:20 UTC] PHP   1. {main}() C:\wamp64\www\WordPress\wp-admin\index.php:0
[09-Aug-2021 07:04:20 UTC] PHP   2. require_once() C:\wamp64\www\WordPress\wp-admin\index.php:10
[09-Aug-2021 07:04:20 UTC] PHP   3. do_action() C:\wamp64\www\WordPress\wp-admin\admin.php:175
[09-Aug-2021 07:04:20 UTC] PHP   4. WP_Hook->do_action() C:\wamp64\www\WordPress\wp-includes\plugin.php:484
[09-Aug-2021 07:04:20 UTC] PHP   5. WP_Hook->apply_filters() C:\wamp64\www\WordPress\wp-includes\class-wp-hook.php:316
[09-Aug-2021 07:04:20 UTC] PHP   6. _maybe_update_plugins() C:\wamp64\www\WordPress\wp-includes\class-wp-hook.php:292
[09-Aug-2021 07:04:20 UTC] PHP   7. wp_update_plugins() C:\wamp64\www\WordPress\wp-includes\update.php:820
[09-Aug-2021 07:04:20 UTC] PHP   8. trigger_error() C:\wamp64\www\WordPress\wp-includes\update.php:410
[09-Aug-2021 09:21:19 UTC] PHP Parse error:  syntax error, unexpected 'echo' (T_ECHO) in C:\wamp64\www\WordPress\wp-content\themes\createtheme\header.php on line 120
[09-Aug-2021 09:21:34 UTC] PHP Parse error:  syntax error, unexpected 'echo' (T_ECHO) in C:\wamp64\www\WordPress\wp-content\themes\createtheme\header.php on line 120
[10-Aug-2021 09:44:47 UTC] PHP Deprecated:  Theme without sidebar.php is <strong>deprecated</strong> since version 3.0.0 with no alternative available. Please include a sidebar.php template in your theme. in C:\wamp64\www\WordPress\wp-includes\functions.php on line 5061
[10-Aug-2021 09:44:47 UTC] PHP Stack trace:
[10-Aug-2021 09:44:47 UTC] PHP   1. {main}() C:\wamp64\www\WordPress\index.php:0
[10-Aug-2021 09:44:47 UTC] PHP   2. require() C:\wamp64\www\WordPress\index.php:17
[10-Aug-2021 09:44:47 UTC] PHP   3. require_once() C:\wamp64\www\WordPress\wp-blog-header.php:19
[10-Aug-2021 09:44:47 UTC] PHP   4. include() C:\wamp64\www\WordPress\wp-includes\template-loader.php:106
[10-Aug-2021 09:44:47 UTC] PHP   5. get_sidebar() C:\wamp64\www\WordPress\wp-content\themes\createtheme\page.php:5
[10-Aug-2021 09:44:47 UTC] PHP   6. locate_template() C:\wamp64\www\WordPress\wp-includes\general-template.php:136
[10-Aug-2021 09:44:47 UTC] PHP   7. load_template() C:\wamp64\www\WordPress\wp-includes\template.php:676
[10-Aug-2021 09:44:47 UTC] PHP   8. require_once() C:\wamp64\www\WordPress\wp-includes\template.php:730
[10-Aug-2021 09:44:47 UTC] PHP   9. _deprecated_file() C:\wamp64\www\WordPress\wp-includes\theme-compat\sidebar.php:15
[10-Aug-2021 09:44:47 UTC] PHP  10. trigger_error() C:\wamp64\www\WordPress\wp-includes\functions.php:5061
[11-Aug-2021 07:18:24 UTC] PHP Fatal error:  Uncaught Error: Call to undefined function genesis_register_sidebar() in C:\wamp64\www\WordPress\wp-content\themes\createtheme\functions.php:56
Stack trace:
#0 C:\wamp64\www\WordPress\wp-includes\class-wp-hook.php(292): themeprefix_extra_widgets('')
#1 C:\wamp64\www\WordPress\wp-includes\class-wp-hook.php(316): WP_Hook->apply_filters('', Array)
#2 C:\wamp64\www\WordPress\wp-includes\plugin.php(484): WP_Hook->do_action(Array)
#3 C:\wamp64\www\WordPress\wp-includes\widgets.php(1799): do_action('widgets_init')
#4 C:\wamp64\www\WordPress\wp-includes\class-wp-hook.php(292): wp_widgets_init('')
#5 C:\wamp64\www\WordPress\wp-includes\class-wp-hook.php(316): WP_Hook->apply_filters(NULL, Array)
#6 C:\wamp64\www\WordPress\wp-includes\plugin.php(484): WP_Hook->do_action(Array)
#7 C:\wamp64\www\WordPress\wp-settings.php(560): do_action('init')
#8 C:\wamp64\www\WordPress\wp-config.php(92): require_once('C:\\wamp64\\www\\W...')
#9 C:\wamp64\www\WordPress\wp-load.php(37): require_once('C:\\wamp64\\www\\W...')
#10 C:\wamp64\ in C:\wamp64\www\WordPress\wp-content\themes\createtheme\functions.php on line 56
[11-Aug-2021 07:18:25 UTC] PHP Fatal error:  Uncaught Error: Call to undefined function genesis_register_sidebar() in C:\wamp64\www\WordPress\wp-content\themes\createtheme\functions.php:56
Stack trace:
#0 C:\wamp64\www\WordPress\wp-includes\class-wp-hook.php(292): themeprefix_extra_widgets('')
#1 C:\wamp64\www\WordPress\wp-includes\class-wp-hook.php(316): WP_Hook->apply_filters('', Array)
#2 C:\wamp64\www\WordPress\wp-includes\plugin.php(484): WP_Hook->do_action(Array)
#3 C:\wamp64\www\WordPress\wp-includes\widgets.php(1799): do_action('widgets_init')
#4 C:\wamp64\www\WordPress\wp-includes\class-wp-hook.php(292): wp_widgets_init('')
#5 C:\wamp64\www\WordPress\wp-includes\class-wp-hook.php(316): WP_Hook->apply_filters(NULL, Array)
#6 C:\wamp64\www\WordPress\wp-includes\plugin.php(484): WP_Hook->do_action(Array)
#7 C:\wamp64\www\WordPress\wp-settings.php(560): do_action('init')
#8 C:\wamp64\www\WordPress\wp-config.php(92): require_once('C:\\wamp64\\www\\W...')
#9 C:\wamp64\www\WordPress\wp-load.php(37): require_once('C:\\wamp64\\www\\W...')
#10 C:\wamp64\ in C:\wamp64\www\WordPress\wp-content\themes\createtheme\functions.php on line 56
[11-Aug-2021 11:56:12 UTC] PHP Fatal error:  Uncaught Error: Call to undefined function esc_html_() in C:\wamp64\www\WordPress\wp-content\themes\createtheme\functions.php:88
Stack trace:
#0 C:\wamp64\www\WordPress\wp-includes\class-wp-hook.php(292): theme_colors(Object(WP_Customize_Manager))
#1 C:\wamp64\www\WordPress\wp-includes\class-wp-hook.php(316): WP_Hook->apply_filters(NULL, Array)
#2 C:\wamp64\www\WordPress\wp-includes\plugin.php(484): WP_Hook->do_action(Array)
#3 C:\wamp64\www\WordPress\wp-includes\class-wp-customize-manager.php(933): do_action('customize_regis...', Object(WP_Customize_Manager))
#4 C:\wamp64\www\WordPress\wp-includes\class-wp-hook.php(292): WP_Customize_Manager->wp_loaded('')
#5 C:\wamp64\www\WordPress\wp-includes\class-wp-hook.php(316): WP_Hook->apply_filters(NULL, Array)
#6 C:\wamp64\www\WordPress\wp-includes\plugin.php(484): WP_Hook->do_action(Array)
#7 C:\wamp64\www\WordPress\wp-settings.php(582): do_action('wp_loaded')
#8 C:\wamp64\www\WordPress\wp-config.php(92): require_once('C:\\wamp64\\www\\W...')
#9 C:\wamp64\www\Word in C:\wamp64\www\WordPress\wp-content\themes\createtheme\functions.php on line 88
[12-Aug-2021 07:42:10 UTC] PHP Warning:  An unexpected error occurred. Something may be wrong with WordPress.org or this server&#8217;s configuration. If you continue to have problems, please try the <a href="https://wordpress.org/support/forums/">support forums</a>. (WordPress could not establish a secure connection to WordPress.org. Please contact your server administrator.) in C:\wamp64\www\WordPress\wp-includes\update.php on line 175
[12-Aug-2021 07:42:10 UTC] PHP Stack trace:
[12-Aug-2021 07:42:10 UTC] PHP   1. {main}() C:\wamp64\www\WordPress\wp-cron.php:0
[12-Aug-2021 07:42:10 UTC] PHP   2. do_action_ref_array() C:\wamp64\www\WordPress\wp-cron.php:138
[12-Aug-2021 07:42:10 UTC] PHP   3. WP_Hook->do_action() C:\wamp64\www\WordPress\wp-includes\plugin.php:551
[12-Aug-2021 07:42:10 UTC] PHP   4. WP_Hook->apply_filters() C:\wamp64\www\WordPress\wp-includes\class-wp-hook.php:316
[12-Aug-2021 07:42:10 UTC] PHP   5. wp_version_check() C:\wamp64\www\WordPress\wp-includes\class-wp-hook.php:292
[12-Aug-2021 07:42:10 UTC] PHP   6. trigger_error() C:\wamp64\www\WordPress\wp-includes\update.php:175
[12-Aug-2021 07:42:41 UTC] PHP Warning:  An unexpected error occurred. Something may be wrong with WordPress.org or this server&#8217;s configuration. If you continue to have problems, please try the <a href="https://wordpress.org/support/forums/">support forums</a>. (WordPress could not establish a secure connection to WordPress.org. Please contact your server administrator.) in C:\wamp64\www\WordPress\wp-includes\update.php on line 410
[12-Aug-2021 07:42:41 UTC] PHP Stack trace:
[12-Aug-2021 07:42:41 UTC] PHP   1. {main}() C:\wamp64\www\WordPress\wp-cron.php:0
[12-Aug-2021 07:42:41 UTC] PHP   2. do_action_ref_array() C:\wamp64\www\WordPress\wp-cron.php:138
[12-Aug-2021 07:42:41 UTC] PHP   3. WP_Hook->do_action() C:\wamp64\www\WordPress\wp-includes\plugin.php:551
[12-Aug-2021 07:42:41 UTC] PHP   4. WP_Hook->apply_filters() C:\wamp64\www\WordPress\wp-includes\class-wp-hook.php:316
[12-Aug-2021 07:42:41 UTC] PHP   5. wp_update_plugins() C:\wamp64\www\WordPress\wp-includes\class-wp-hook.php:292
[12-Aug-2021 07:42:41 UTC] PHP   6. trigger_error() C:\wamp64\www\WordPress\wp-includes\update.php:410
[12-Aug-2021 11:31:18 UTC] PHP Deprecated:  Theme without sidebar.php is <strong>deprecated</strong> since version 3.0.0 with no alternative available. Please include a sidebar.php template in your theme. in C:\wamp64\www\WordPress\wp-includes\functions.php on line 5061
[12-Aug-2021 11:31:18 UTC] PHP Stack trace:
[12-Aug-2021 11:31:18 UTC] PHP   1. {main}() C:\wamp64\www\WordPress\index.php:0
[12-Aug-2021 11:31:18 UTC] PHP   2. require() C:\wamp64\www\WordPress\index.php:17
[12-Aug-2021 11:31:18 UTC] PHP   3. require_once() C:\wamp64\www\WordPress\wp-blog-header.php:19
[12-Aug-2021 11:31:18 UTC] PHP   4. include() C:\wamp64\www\WordPress\wp-includes\template-loader.php:106
[12-Aug-2021 11:31:18 UTC] PHP   5. get_sidebar() C:\wamp64\www\WordPress\wp-content\themes\createtheme\page.php:5
[12-Aug-2021 11:31:18 UTC] PHP   6. locate_template() C:\wamp64\www\WordPress\wp-includes\general-template.php:136
[12-Aug-2021 11:31:18 UTC] PHP   7. load_template() C:\wamp64\www\WordPress\wp-includes\template.php:676
[12-Aug-2021 11:31:18 UTC] PHP   8. require_once() C:\wamp64\www\WordPress\wp-includes\template.php:730
[12-Aug-2021 11:31:18 UTC] PHP   9. _deprecated_file() C:\wamp64\www\WordPress\wp-includes\theme-compat\sidebar.php:15
[12-Aug-2021 11:31:18 UTC] PHP  10. trigger_error() C:\wamp64\www\WordPress\wp-includes\functions.php:5061
[12-Aug-2021 11:32:00 UTC] PHP Deprecated:  Theme without sidebar.php is <strong>deprecated</strong> since version 3.0.0 with no alternative available. Please include a sidebar.php template in your theme. in C:\wamp64\www\WordPress\wp-includes\functions.php on line 5061
[12-Aug-2021 11:32:00 UTC] PHP Stack trace:
[12-Aug-2021 11:32:00 UTC] PHP   1. {main}() C:\wamp64\www\WordPress\index.php:0
[12-Aug-2021 11:32:00 UTC] PHP   2. require() C:\wamp64\www\WordPress\index.php:17
[12-Aug-2021 11:32:00 UTC] PHP   3. require_once() C:\wamp64\www\WordPress\wp-blog-header.php:19
[12-Aug-2021 11:32:00 UTC] PHP   4. include() C:\wamp64\www\WordPress\wp-includes\template-loader.php:106
[12-Aug-2021 11:32:00 UTC] PHP   5. get_sidebar() C:\wamp64\www\WordPress\wp-content\themes\createtheme\page.php:5
[12-Aug-2021 11:32:00 UTC] PHP   6. locate_template() C:\wamp64\www\WordPress\wp-includes\general-template.php:136
[12-Aug-2021 11:32:00 UTC] PHP   7. load_template() C:\wamp64\www\WordPress\wp-includes\template.php:676
[12-Aug-2021 11:32:00 UTC] PHP   8. require_once() C:\wamp64\www\WordPress\wp-includes\template.php:730
[12-Aug-2021 11:32:00 UTC] PHP   9. _deprecated_file() C:\wamp64\www\WordPress\wp-includes\theme-compat\sidebar.php:15
[12-Aug-2021 11:32:00 UTC] PHP  10. trigger_error() C:\wamp64\www\WordPress\wp-includes\functions.php:5061
[14-Aug-2021 09:59:30 UTC] PHP Warning:  An unexpected error occurred. Something may be wrong with WordPress.org or this server&#8217;s configuration. If you continue to have problems, please try the <a href="https://wordpress.org/support/forums/">support forums</a>. (WordPress could not establish a secure connection to WordPress.org. Please contact your server administrator.) in C:\wamp64\www\WordPress\wp-includes\update.php on line 175
[14-Aug-2021 09:59:30 UTC] PHP Stack trace:
[14-Aug-2021 09:59:30 UTC] PHP   1. {main}() C:\wamp64\www\WordPress\wp-cron.php:0
[14-Aug-2021 09:59:30 UTC] PHP   2. do_action_ref_array() C:\wamp64\www\WordPress\wp-cron.php:138
[14-Aug-2021 09:59:30 UTC] PHP   3. WP_Hook->do_action() C:\wamp64\www\WordPress\wp-includes\plugin.php:551
[14-Aug-2021 09:59:30 UTC] PHP   4. WP_Hook->apply_filters() C:\wamp64\www\WordPress\wp-includes\class-wp-hook.php:316
[14-Aug-2021 09:59:30 UTC] PHP   5. wp_version_check() C:\wamp64\www\WordPress\wp-includes\class-wp-hook.php:292
[14-Aug-2021 09:59:30 UTC] PHP   6. trigger_error() C:\wamp64\www\WordPress\wp-includes\update.php:175
[14-Aug-2021 11:22:25 UTC] PHP Notice:  Undefined variable: logo in C:\wamp64\www\WordPress\wp-content\themes\createtheme\home.php on line 24
[14-Aug-2021 11:22:25 UTC] PHP Stack trace:
[14-Aug-2021 11:22:25 UTC] PHP   1. {main}() C:\wamp64\www\WordPress\index.php:0
[14-Aug-2021 11:22:25 UTC] PHP   2. require() C:\wamp64\www\WordPress\index.php:17
[14-Aug-2021 11:22:25 UTC] PHP   3. require_once() C:\wamp64\www\WordPress\wp-blog-header.php:19
[14-Aug-2021 11:22:25 UTC] PHP   4. include() C:\wamp64\www\WordPress\wp-includes\template-loader.php:106
[14-Aug-2021 12:16:27 UTC] PHP Deprecated:  Theme without sidebar.php is <strong>deprecated</strong> since version 3.0.0 with no alternative available. Please include a sidebar.php template in your theme. in C:\wamp64\www\WordPress\wp-includes\functions.php on line 5061
[14-Aug-2021 12:16:27 UTC] PHP Stack trace:
[14-Aug-2021 12:16:27 UTC] PHP   1. {main}() C:\wamp64\www\WordPress\index.php:0
[14-Aug-2021 12:16:27 UTC] PHP   2. require() C:\wamp64\www\WordPress\index.php:17
[14-Aug-2021 12:16:27 UTC] PHP   3. require_once() C:\wamp64\www\WordPress\wp-blog-header.php:19
[14-Aug-2021 12:16:27 UTC] PHP   4. include() C:\wamp64\www\WordPress\wp-includes\template-loader.php:106
[14-Aug-2021 12:16:27 UTC] PHP   5. get_sidebar() C:\wamp64\www\WordPress\wp-content\themes\createtheme\page.php:5
[14-Aug-2021 12:16:27 UTC] PHP   6. locate_template() C:\wamp64\www\WordPress\wp-includes\general-template.php:136
[14-Aug-2021 12:16:27 UTC] PHP   7. load_template() C:\wamp64\www\WordPress\wp-includes\template.php:676
[14-Aug-2021 12:16:27 UTC] PHP   8. require_once() C:\wamp64\www\WordPress\wp-includes\template.php:730
[14-Aug-2021 12:16:27 UTC] PHP   9. _deprecated_file() C:\wamp64\www\WordPress\wp-includes\theme-compat\sidebar.php:15
[14-Aug-2021 12:16:27 UTC] PHP  10. trigger_error() C:\wamp64\www\WordPress\wp-includes\functions.php:5061
[16-Aug-2021 09:54:07 UTC] PHP Warning:  An unexpected error occurred. Something may be wrong with WordPress.org or this server&#8217;s configuration. If you continue to have problems, please try the <a href="https://wordpress.org/support/forums/">support forums</a>. (WordPress could not establish a secure connection to WordPress.org. Please contact your server administrator.) in C:\wamp64\www\WordPress\wp-includes\update.php on line 410
[16-Aug-2021 09:54:07 UTC] PHP Stack trace:
[16-Aug-2021 09:54:07 UTC] PHP   1. {main}() C:\wamp64\www\WordPress\wp-admin\plugins.php:0
[16-Aug-2021 09:54:07 UTC] PHP   2. require_once() C:\wamp64\www\WordPress\wp-admin\plugins.php:10
[16-Aug-2021 09:54:07 UTC] PHP   3. do_action() C:\wamp64\www\WordPress\wp-admin\admin.php:374
[16-Aug-2021 09:54:07 UTC] PHP   4. WP_Hook->do_action() C:\wamp64\www\WordPress\wp-includes\plugin.php:484
[16-Aug-2021 09:54:07 UTC] PHP   5. WP_Hook->apply_filters() C:\wamp64\www\WordPress\wp-includes\class-wp-hook.php:316
[16-Aug-2021 09:54:07 UTC] PHP   6. wp_update_plugins() C:\wamp64\www\WordPress\wp-includes\class-wp-hook.php:292
[16-Aug-2021 09:54:07 UTC] PHP   7. trigger_error() C:\wamp64\www\WordPress\wp-includes\update.php:410
[16-Aug-2021 09:54:24 UTC] PHP Warning:  An unexpected error occurred. Something may be wrong with WordPress.org or this server&#8217;s configuration. If you continue to have problems, please try the <a href="https://wordpress.org/support/forums/">support forums</a>. (WordPress could not establish a secure connection to WordPress.org. Please contact your server administrator.) in C:\wamp64\www\WordPress\wp-includes\update.php on line 410
[16-Aug-2021 09:54:24 UTC] PHP Stack trace:
[16-Aug-2021 09:54:24 UTC] PHP   1. {main}() C:\wamp64\www\WordPress\wp-admin\plugins.php:0
[16-Aug-2021 09:54:24 UTC] PHP   2. require_once() C:\wamp64\www\WordPress\wp-admin\plugins.php:10
[16-Aug-2021 09:54:24 UTC] PHP   3. do_action() C:\wamp64\www\WordPress\wp-admin\admin.php:374
[16-Aug-2021 09:54:24 UTC] PHP   4. WP_Hook->do_action() C:\wamp64\www\WordPress\wp-includes\plugin.php:484
[16-Aug-2021 09:54:24 UTC] PHP   5. WP_Hook->apply_filters() C:\wamp64\www\WordPress\wp-includes\class-wp-hook.php:316
[16-Aug-2021 09:54:24 UTC] PHP   6. wp_update_plugins() C:\wamp64\www\WordPress\wp-includes\class-wp-hook.php:292
[16-Aug-2021 09:54:24 UTC] PHP   7. trigger_error() C:\wamp64\www\WordPress\wp-includes\update.php:410
[16-Aug-2021 09:55:01 UTC] PHP Warning:  An unexpected error occurred. Something may be wrong with WordPress.org or this server&#8217;s configuration. If you continue to have problems, please try the <a href="https://wordpress.org/support/forums/">support forums</a>. (WordPress could not establish a secure connection to WordPress.org. Please contact your server administrator.) in C:\wamp64\www\WordPress\wp-includes\update.php on line 410
[16-Aug-2021 09:55:01 UTC] PHP Stack trace:
[16-Aug-2021 09:55:01 UTC] PHP   1. {main}() C:\wamp64\www\WordPress\wp-admin\plugins.php:0
[16-Aug-2021 09:55:01 UTC] PHP   2. require_once() C:\wamp64\www\WordPress\wp-admin\plugins.php:10
[16-Aug-2021 09:55:01 UTC] PHP   3. do_action() C:\wamp64\www\WordPress\wp-admin\admin.php:374
[16-Aug-2021 09:55:01 UTC] PHP   4. WP_Hook->do_action() C:\wamp64\www\WordPress\wp-includes\plugin.php:484
[16-Aug-2021 09:55:01 UTC] PHP   5. WP_Hook->apply_filters() C:\wamp64\www\WordPress\wp-includes\class-wp-hook.php:316
[16-Aug-2021 09:55:01 UTC] PHP   6. wp_update_plugins() C:\wamp64\www\WordPress\wp-includes\class-wp-hook.php:292
[16-Aug-2021 09:55:01 UTC] PHP   7. trigger_error() C:\wamp64\www\WordPress\wp-includes\update.php:410
[16-Aug-2021 09:55:28 UTC] PHP Warning:  An unexpected error occurred. Something may be wrong with WordPress.org or this server&#8217;s configuration. If you continue to have problems, please try the <a href="https://wordpress.org/support/forums/">support forums</a>. (WordPress could not establish a secure connection to WordPress.org. Please contact your server administrator.) in C:\wamp64\www\WordPress\wp-includes\update.php on line 410
[16-Aug-2021 09:55:28 UTC] PHP Stack trace:
[16-Aug-2021 09:55:28 UTC] PHP   1. {main}() C:\wamp64\www\WordPress\wp-admin\update-core.php:0
[16-Aug-2021 09:55:28 UTC] PHP   2. require_once() C:\wamp64\www\WordPress\wp-admin\update-core.php:10
[16-Aug-2021 09:55:28 UTC] PHP   3. do_action() C:\wamp64\www\WordPress\wp-admin\admin.php:374
[16-Aug-2021 09:55:28 UTC] PHP   4. WP_Hook->do_action() C:\wamp64\www\WordPress\wp-includes\plugin.php:484
[16-Aug-2021 09:55:28 UTC] PHP   5. WP_Hook->apply_filters() C:\wamp64\www\WordPress\wp-includes\class-wp-hook.php:316
[16-Aug-2021 09:55:28 UTC] PHP   6. wp_update_plugins() C:\wamp64\www\WordPress\wp-includes\class-wp-hook.php:292
[16-Aug-2021 09:55:28 UTC] PHP   7. trigger_error() C:\wamp64\www\WordPress\wp-includes\update.php:410
[16-Aug-2021 09:55:33 UTC] PHP Warning:  An unexpected error occurred. Something may be wrong with WordPress.org or this server&#8217;s configuration. If you continue to have problems, please try the <a href="https://wordpress.org/support/forums/">support forums</a>. (WordPress could not establish a secure connection to WordPress.org. Please contact your server administrator.) in C:\wamp64\www\WordPress\wp-includes\update.php on line 614
[16-Aug-2021 09:55:33 UTC] PHP Stack trace:
[16-Aug-2021 09:55:33 UTC] PHP   1. {main}() C:\wamp64\www\WordPress\wp-admin\update-core.php:0
[16-Aug-2021 09:55:33 UTC] PHP   2. require_once() C:\wamp64\www\WordPress\wp-admin\update-core.php:10
[16-Aug-2021 09:55:33 UTC] PHP   3. do_action() C:\wamp64\www\WordPress\wp-admin\admin.php:374
[16-Aug-2021 09:55:33 UTC] PHP   4. WP_Hook->do_action() C:\wamp64\www\WordPress\wp-includes\plugin.php:484
[16-Aug-2021 09:55:33 UTC] PHP   5. WP_Hook->apply_filters() C:\wamp64\www\WordPress\wp-includes\class-wp-hook.php:316
[16-Aug-2021 09:55:33 UTC] PHP   6. wp_update_themes() C:\wamp64\www\WordPress\wp-includes\class-wp-hook.php:292
[16-Aug-2021 09:55:33 UTC] PHP   7. trigger_error() C:\wamp64\www\WordPress\wp-includes\update.php:614
[16-Aug-2021 09:55:38 UTC] PHP Warning:  An unexpected error occurred. Something may be wrong with WordPress.org or this server&#8217;s configuration. If you continue to have problems, please try the <a href="https://wordpress.org/support/forums/">support forums</a>. (WordPress could not establish a secure connection to WordPress.org. Please contact your server administrator.) in C:\wamp64\www\WordPress\wp-includes\update.php on line 175
[16-Aug-2021 09:55:38 UTC] PHP Stack trace:
[16-Aug-2021 09:55:38 UTC] PHP   1. {main}() C:\wamp64\www\WordPress\wp-admin\update-core.php:0
[16-Aug-2021 09:55:38 UTC] PHP   2. wp_version_check() C:\wamp64\www\WordPress\wp-admin\update-core.php:978
[16-Aug-2021 09:55:38 UTC] PHP   3. trigger_error() C:\wamp64\www\WordPress\wp-includes\update.php:175
[16-Aug-2021 09:55:39 UTC] PHP Warning:  Cannot modify header information - headers already sent by (output started at C:\wamp64\www\WordPress\wp-includes\update.php:614) in C:\wamp64\www\WordPress\wp-admin\admin-header.php on line 9
[16-Aug-2021 09:55:39 UTC] PHP Stack trace:
[16-Aug-2021 09:55:39 UTC] PHP   1. {main}() C:\wamp64\www\WordPress\wp-admin\update-core.php:0
[16-Aug-2021 09:55:39 UTC] PHP   2. require_once() C:\wamp64\www\WordPress\wp-admin\update-core.php:980
[16-Aug-2021 09:55:39 UTC] PHP   3. header() C:\wamp64\www\WordPress\wp-admin\admin-header.php:9
[16-Aug-2021 09:55:49 UTC] PHP Warning:  An unexpected error occurred. Something may be wrong with WordPress.org or this server&#8217;s configuration. If you continue to have problems, please try the <a href="https://wordpress.org/support/forums/">support forums</a>. (WordPress could not establish a secure connection to WordPress.org. Please contact your server administrator.) in C:\wamp64\www\WordPress\wp-admin\includes\update.php on line 143
[16-Aug-2021 09:55:49 UTC] PHP Stack trace:
[16-Aug-2021 09:55:49 UTC] PHP   1. {main}() C:\wamp64\www\WordPress\wp-admin\update-core.php:0
[16-Aug-2021 09:55:49 UTC] PHP   2. do_core_upgrade() C:\wamp64\www\WordPress\wp-admin\update-core.php:1070
[16-Aug-2021 09:55:49 UTC] PHP   3. Core_Upgrader->upgrade() C:\wamp64\www\WordPress\wp-admin\update-core.php:841
[16-Aug-2021 09:55:49 UTC] PHP   4. Core_Upgrader->check_files() C:\wamp64\www\WordPress\wp-admin\includes\class-core-upgrader.php:95
[16-Aug-2021 09:55:49 UTC] PHP   5. get_core_checksums() C:\wamp64\www\WordPress\wp-admin\includes\class-core-upgrader.php:400
[16-Aug-2021 09:55:49 UTC] PHP   6. trigger_error() C:\wamp64\www\WordPress\wp-admin\includes\update.php:143
[16-Aug-2021 09:57:57 UTC] PHP Fatal error:  Maximum execution time of 120 seconds exceeded in C:\wamp64\www\WordPress\wp-includes\Requests\Transport\cURL.php on line 462
[16-Aug-2021 09:57:57 UTC] PHP Stack trace:
[16-Aug-2021 09:57:57 UTC] PHP   1. {main}() C:\wamp64\www\WordPress\wp-admin\update-core.php:0
[16-Aug-2021 09:57:57 UTC] PHP   2. do_core_upgrade() C:\wamp64\www\WordPress\wp-admin\update-core.php:1070
[16-Aug-2021 09:57:57 UTC] PHP   3. Core_Upgrader->upgrade() C:\wamp64\www\WordPress\wp-admin\update-core.php:841
[16-Aug-2021 09:57:57 UTC] PHP   4. Core_Upgrader->download_package() C:\wamp64\www\WordPress\wp-admin\includes\class-core-upgrader.php:124
[16-Aug-2021 09:57:57 UTC] PHP   5. download_url() C:\wamp64\www\WordPress\wp-admin\includes\class-wp-upgrader.php:283
[16-Aug-2021 09:57:57 UTC] PHP   6. wp_safe_remote_get() C:\wamp64\www\WordPress\wp-admin\includes\file.php:1087
[16-Aug-2021 09:57:57 UTC] PHP   7. WP_Http->get() C:\wamp64\www\WordPress\wp-includes\http.php:68
[16-Aug-2021 09:57:57 UTC] PHP   8. WP_Http->request() C:\wamp64\www\WordPress\wp-includes\class-http.php:626
[16-Aug-2021 09:57:57 UTC] PHP   9. Requests::request() C:\wamp64\www\WordPress\wp-includes\class-http.php:394
[16-Aug-2021 09:57:57 UTC] PHP  10. Requests::parse_response() C:\wamp64\www\WordPress\wp-includes\class-requests.php:385
[16-Aug-2021 09:57:57 UTC] PHP  11. Requests::request() C:\wamp64\www\WordPress\wp-includes\class-requests.php:708
[16-Aug-2021 09:57:57 UTC] PHP  12. Requests_Transport_cURL->request() C:\wamp64\www\WordPress\wp-includes\class-requests.php:381
[16-Aug-2021 09:57:57 UTC] PHP  13. curl_exec() C:\wamp64\www\WordPress\wp-includes\Requests\Transport\cURL.php:162
[16-Aug-2021 09:57:57 UTC] PHP  14. Requests_Transport_cURL->stream_body() C:\wamp64\www\WordPress\wp-includes\Requests\Transport\cURL.php:162
[16-Aug-2021 09:59:35 UTC] PHP Warning:  An unexpected error occurred. Something may be wrong with WordPress.org or this server&#8217;s configuration. If you continue to have problems, please try the <a href="https://wordpress.org/support/forums/">support forums</a>. (WordPress could not establish a secure connection to WordPress.org. Please contact your server administrator.) in C:\wamp64\www\WordPress\wp-includes\update.php on line 614
[16-Aug-2021 09:59:35 UTC] PHP Stack trace:
[16-Aug-2021 09:59:35 UTC] PHP   1. {main}() C:\wamp64\www\WordPress\wp-admin\update-core.php:0
[16-Aug-2021 09:59:35 UTC] PHP   2. require_once() C:\wamp64\www\WordPress\wp-admin\update-core.php:10
[16-Aug-2021 09:59:35 UTC] PHP   3. do_action() C:\wamp64\www\WordPress\wp-admin\admin.php:374
[16-Aug-2021 09:59:35 UTC] PHP   4. WP_Hook->do_action() C:\wamp64\www\WordPress\wp-includes\plugin.php:484
[16-Aug-2021 09:59:35 UTC] PHP   5. WP_Hook->apply_filters() C:\wamp64\www\WordPress\wp-includes\class-wp-hook.php:316
[16-Aug-2021 09:59:35 UTC] PHP   6. wp_update_themes() C:\wamp64\www\WordPress\wp-includes\class-wp-hook.php:292
[16-Aug-2021 09:59:35 UTC] PHP   7. trigger_error() C:\wamp64\www\WordPress\wp-includes\update.php:614
[16-Aug-2021 10:00:36 UTC] PHP Warning:  An unexpected error occurred. Something may be wrong with WordPress.org or this server&#8217;s configuration. If you continue to have problems, please try the <a href="https://wordpress.org/support/forums/">support forums</a>. (WordPress could not establish a secure connection to WordPress.org. Please contact your server administrator.) in C:\wamp64\www\WordPress\wp-includes\update.php on line 175
[16-Aug-2021 10:00:36 UTC] PHP Stack trace:
[16-Aug-2021 10:00:36 UTC] PHP   1. {main}() C:\wamp64\www\WordPress\wp-admin\update-core.php:0
[16-Aug-2021 10:00:36 UTC] PHP   2. wp_version_check() C:\wamp64\www\WordPress\wp-admin\update-core.php:978
[16-Aug-2021 10:00:36 UTC] PHP   3. trigger_error() C:\wamp64\www\WordPress\wp-includes\update.php:175
[16-Aug-2021 10:00:53 UTC] PHP Warning:  An unexpected error occurred. Something may be wrong with WordPress.org or this server&#8217;s configuration. If you continue to have problems, please try the <a href="https://wordpress.org/support/forums/">support forums</a>. (WordPress could not establish a secure connection to WordPress.org. Please contact your server administrator.) in C:\wamp64\www\WordPress\wp-includes\update.php on line 410
[16-Aug-2021 10:00:53 UTC] PHP Stack trace:
[16-Aug-2021 10:00:53 UTC] PHP   1. {main}() C:\wamp64\www\WordPress\wp-admin\update-core.php:0
[16-Aug-2021 10:00:53 UTC] PHP   2. require_once() C:\wamp64\www\WordPress\wp-admin\update-core.php:10
[16-Aug-2021 10:00:53 UTC] PHP   3. do_action() C:\wamp64\www\WordPress\wp-admin\admin.php:374
[16-Aug-2021 10:00:53 UTC] PHP   4. WP_Hook->do_action() C:\wamp64\www\WordPress\wp-includes\plugin.php:484
[16-Aug-2021 10:00:53 UTC] PHP   5. WP_Hook->apply_filters() C:\wamp64\www\WordPress\wp-includes\class-wp-hook.php:316
[16-Aug-2021 10:00:53 UTC] PHP   6. wp_update_plugins() C:\wamp64\www\WordPress\wp-includes\class-wp-hook.php:292
[16-Aug-2021 10:00:53 UTC] PHP   7. trigger_error() C:\wamp64\www\WordPress\wp-includes\update.php:410
[16-Aug-2021 10:00:59 UTC] PHP Warning:  An unexpected error occurred. Something may be wrong with WordPress.org or this server&#8217;s configuration. If you continue to have problems, please try the <a href="https://wordpress.org/support/forums/">support forums</a>. (WordPress could not establish a secure connection to WordPress.org. Please contact your server administrator.) in C:\wamp64\www\WordPress\wp-includes\update.php on line 614
[16-Aug-2021 10:00:59 UTC] PHP Stack trace:
[16-Aug-2021 10:00:59 UTC] PHP   1. {main}() C:\wamp64\www\WordPress\wp-admin\update-core.php:0
[16-Aug-2021 10:00:59 UTC] PHP   2. require_once() C:\wamp64\www\WordPress\wp-admin\update-core.php:10
[16-Aug-2021 10:00:59 UTC] PHP   3. do_action() C:\wamp64\www\WordPress\wp-admin\admin.php:374
[16-Aug-2021 10:00:59 UTC] PHP   4. WP_Hook->do_action() C:\wamp64\www\WordPress\wp-includes\plugin.php:484
[16-Aug-2021 10:00:59 UTC] PHP   5. WP_Hook->apply_filters() C:\wamp64\www\WordPress\wp-includes\class-wp-hook.php:316
[16-Aug-2021 10:00:59 UTC] PHP   6. wp_update_themes() C:\wamp64\www\WordPress\wp-includes\class-wp-hook.php:292
[16-Aug-2021 10:00:59 UTC] PHP   7. trigger_error() C:\wamp64\www\WordPress\wp-includes\update.php:614
[16-Aug-2021 10:01:02 UTC] PHP Warning:  Cannot modify header information - headers already sent by (output started at C:\wamp64\www\WordPress\wp-includes\update.php:614) in C:\wamp64\www\WordPress\wp-admin\admin-header.php on line 9
[16-Aug-2021 10:01:02 UTC] PHP Stack trace:
[16-Aug-2021 10:01:02 UTC] PHP   1. {main}() C:\wamp64\www\WordPress\wp-admin\update-core.php:0
[16-Aug-2021 10:01:02 UTC] PHP   2. require_once() C:\wamp64\www\WordPress\wp-admin\update-core.php:1062
[16-Aug-2021 10:01:02 UTC] PHP   3. header() C:\wamp64\www\WordPress\wp-admin\admin-header.php:9
[16-Aug-2021 10:01:05 UTC] PHP Warning:  An unexpected error occurred. Something may be wrong with WordPress.org or this server&#8217;s configuration. If you continue to have problems, please try the <a href="https://wordpress.org/support/forums/">support forums</a>. (WordPress could not establish a secure connection to WordPress.org. Please contact your server administrator.) in C:\wamp64\www\WordPress\wp-admin\includes\update.php on line 143
[16-Aug-2021 10:01:05 UTC] PHP Stack trace:
[16-Aug-2021 10:01:05 UTC] PHP   1. {main}() C:\wamp64\www\WordPress\wp-admin\update-core.php:0
[16-Aug-2021 10:01:05 UTC] PHP   2. do_core_upgrade() C:\wamp64\www\WordPress\wp-admin\update-core.php:1070
[16-Aug-2021 10:01:05 UTC] PHP   3. Core_Upgrader->upgrade() C:\wamp64\www\WordPress\wp-admin\update-core.php:841
[16-Aug-2021 10:01:05 UTC] PHP   4. Core_Upgrader->check_files() C:\wamp64\www\WordPress\wp-admin\includes\class-core-upgrader.php:95
[16-Aug-2021 10:01:05 UTC] PHP   5. get_core_checksums() C:\wamp64\www\WordPress\wp-admin\includes\class-core-upgrader.php:400
[16-Aug-2021 10:01:05 UTC] PHP   6. trigger_error() C:\wamp64\www\WordPress\wp-admin\includes\update.php:143
[16-Aug-2021 10:01:39 UTC] PHP Warning:  An unexpected error occurred. Something may be wrong with WordPress.org or this server&#8217;s configuration. If you continue to have problems, please try the <a href="https://wordpress.org/support/forums/">support forums</a>. (WordPress could not establish a secure connection to WordPress.org. Please contact your server administrator.) in C:\wamp64\www\WordPress\wp-includes\update.php on line 175
[16-Aug-2021 10:01:39 UTC] PHP Stack trace:
[16-Aug-2021 10:01:39 UTC] PHP   1. {main}() C:\wamp64\www\WordPress\wp-admin\update-core.php:0
[16-Aug-2021 10:01:39 UTC] PHP   2. wp_version_check() C:\wamp64\www\WordPress\wp-admin\update-core.php:978
[16-Aug-2021 10:01:39 UTC] PHP   3. trigger_error() C:\wamp64\www\WordPress\wp-includes\update.php:175
[16-Aug-2021 10:02:00 UTC] PHP Warning:  An unexpected error occurred. Something may be wrong with WordPress.org or this server&#8217;s configuration. If you continue to have problems, please try the <a href="https://wordpress.org/support/forums/">support forums</a>. (WordPress could not establish a secure connection to WordPress.org. Please contact your server administrator.) in C:\wamp64\www\WordPress\wp-includes\update.php on line 410
[16-Aug-2021 10:02:00 UTC] PHP Stack trace:
[16-Aug-2021 10:02:00 UTC] PHP   1. {main}() C:\wamp64\www\WordPress\wp-admin\update-core.php:0
[16-Aug-2021 10:02:00 UTC] PHP   2. require_once() C:\wamp64\www\WordPress\wp-admin\update-core.php:10
[16-Aug-2021 10:02:00 UTC] PHP   3. do_action() C:\wamp64\www\WordPress\wp-admin\admin.php:374
[16-Aug-2021 10:02:00 UTC] PHP   4. WP_Hook->do_action() C:\wamp64\www\WordPress\wp-includes\plugin.php:484
[16-Aug-2021 10:02:00 UTC] PHP   5. WP_Hook->apply_filters() C:\wamp64\www\WordPress\wp-includes\class-wp-hook.php:316
[16-Aug-2021 10:02:00 UTC] PHP   6. wp_update_plugins() C:\wamp64\www\WordPress\wp-includes\class-wp-hook.php:292
[16-Aug-2021 10:02:00 UTC] PHP   7. trigger_error() C:\wamp64\www\WordPress\wp-includes\update.php:410
[16-Aug-2021 10:02:05 UTC] PHP Warning:  An unexpected error occurred. Something may be wrong with WordPress.org or this server&#8217;s configuration. If you continue to have problems, please try the <a href="https://wordpress.org/support/forums/">support forums</a>. (WordPress could not establish a secure connection to WordPress.org. Please contact your server administrator.) in C:\wamp64\www\WordPress\wp-includes\update.php on line 614
[16-Aug-2021 10:02:05 UTC] PHP Stack trace:
[16-Aug-2021 10:02:05 UTC] PHP   1. {main}() C:\wamp64\www\WordPress\wp-admin\update-core.php:0
[16-Aug-2021 10:02:05 UTC] PHP   2. require_once() C:\wamp64\www\WordPress\wp-admin\update-core.php:10
[16-Aug-2021 10:02:05 UTC] PHP   3. do_action() C:\wamp64\www\WordPress\wp-admin\admin.php:374
[16-Aug-2021 10:02:05 UTC] PHP   4. WP_Hook->do_action() C:\wamp64\www\WordPress\wp-includes\plugin.php:484
[16-Aug-2021 10:02:05 UTC] PHP   5. WP_Hook->apply_filters() C:\wamp64\www\WordPress\wp-includes\class-wp-hook.php:316
[16-Aug-2021 10:02:05 UTC] PHP   6. wp_update_themes() C:\wamp64\www\WordPress\wp-includes\class-wp-hook.php:292
[16-Aug-2021 10:02:05 UTC] PHP   7. trigger_error() C:\wamp64\www\WordPress\wp-includes\update.php:614
[16-Aug-2021 10:02:06 UTC] PHP Warning:  Cannot modify header information - headers already sent by (output started at C:\wamp64\www\WordPress\wp-includes\update.php:614) in C:\wamp64\www\WordPress\wp-admin\admin-header.php on line 9
[16-Aug-2021 10:02:06 UTC] PHP Stack trace:
[16-Aug-2021 10:02:07 UTC] PHP   1. {main}() C:\wamp64\www\WordPress\wp-admin\update-core.php:0
[16-Aug-2021 10:02:07 UTC] PHP   2. require_once() C:\wamp64\www\WordPress\wp-admin\update-core.php:1062
[16-Aug-2021 10:02:07 UTC] PHP   3. header() C:\wamp64\www\WordPress\wp-admin\admin-header.php:9
[16-Aug-2021 10:02:10 UTC] PHP Warning:  An unexpected error occurred. Something may be wrong with WordPress.org or this server&#8217;s configuration. If you continue to have problems, please try the <a href="https://wordpress.org/support/forums/">support forums</a>. (WordPress could not establish a secure connection to WordPress.org. Please contact your server administrator.) in C:\wamp64\www\WordPress\wp-admin\includes\update.php on line 143
[16-Aug-2021 10:02:10 UTC] PHP Stack trace:
[16-Aug-2021 10:02:10 UTC] PHP   1. {main}() C:\wamp64\www\WordPress\wp-admin\update-core.php:0
[16-Aug-2021 10:02:10 UTC] PHP   2. do_core_upgrade() C:\wamp64\www\WordPress\wp-admin\update-core.php:1070
[16-Aug-2021 10:02:10 UTC] PHP   3. Core_Upgrader->upgrade() C:\wamp64\www\WordPress\wp-admin\update-core.php:841
[16-Aug-2021 10:02:10 UTC] PHP   4. Core_Upgrader->check_files() C:\wamp64\www\WordPress\wp-admin\includes\class-core-upgrader.php:95
[16-Aug-2021 10:02:10 UTC] PHP   5. get_core_checksums() C:\wamp64\www\WordPress\wp-admin\includes\class-core-upgrader.php:400
[16-Aug-2021 10:02:10 UTC] PHP   6. trigger_error() C:\wamp64\www\WordPress\wp-admin\includes\update.php:143
[16-Aug-2021 10:03:08 UTC] PHP Warning:  An unexpected error occurred. Something may be wrong with WordPress.org or this server&#8217;s configuration. If you continue to have problems, please try the <a href="https://wordpress.org/support/forums/">support forums</a>. (WordPress could not establish a secure connection to WordPress.org. Please contact your server administrator.) in C:\wamp64\www\WordPress\wp-includes\update.php on line 410
[16-Aug-2021 10:03:08 UTC] PHP Stack trace:
[16-Aug-2021 10:03:08 UTC] PHP   1. {main}() C:\wamp64\www\WordPress\wp-admin\update-core.php:0
[16-Aug-2021 10:03:08 UTC] PHP   2. require_once() C:\wamp64\www\WordPress\wp-admin\update-core.php:10
[16-Aug-2021 10:03:08 UTC] PHP   3. do_action() C:\wamp64\www\WordPress\wp-admin\admin.php:374
[16-Aug-2021 10:03:08 UTC] PHP   4. WP_Hook->do_action() C:\wamp64\www\WordPress\wp-includes\plugin.php:484
[16-Aug-2021 10:03:08 UTC] PHP   5. WP_Hook->apply_filters() C:\wamp64\www\WordPress\wp-includes\class-wp-hook.php:316
[16-Aug-2021 10:03:08 UTC] PHP   6. wp_update_plugins() C:\wamp64\www\WordPress\wp-includes\class-wp-hook.php:292
[16-Aug-2021 10:03:08 UTC] PHP   7. trigger_error() C:\wamp64\www\WordPress\wp-includes\update.php:410
[16-Aug-2021 10:03:14 UTC] PHP Warning:  An unexpected error occurred. Something may be wrong with WordPress.org or this server&#8217;s configuration. If you continue to have problems, please try the <a href="https://wordpress.org/support/forums/">support forums</a>. (WordPress could not establish a secure connection to WordPress.org. Please contact your server administrator.) in C:\wamp64\www\WordPress\wp-includes\update.php on line 614
[16-Aug-2021 10:03:14 UTC] PHP Stack trace:
[16-Aug-2021 10:03:14 UTC] PHP   1. {main}() C:\wamp64\www\WordPress\wp-admin\update-core.php:0
[16-Aug-2021 10:03:14 UTC] PHP   2. require_once() C:\wamp64\www\WordPress\wp-admin\update-core.php:10
[16-Aug-2021 10:03:14 UTC] PHP   3. do_action() C:\wamp64\www\WordPress\wp-admin\admin.php:374
[16-Aug-2021 10:03:14 UTC] PHP   4. WP_Hook->do_action() C:\wamp64\www\WordPress\wp-includes\plugin.php:484
[16-Aug-2021 10:03:14 UTC] PHP   5. WP_Hook->apply_filters() C:\wamp64\www\WordPress\wp-includes\class-wp-hook.php:316
[16-Aug-2021 10:03:14 UTC] PHP   6. wp_update_themes() C:\wamp64\www\WordPress\wp-includes\class-wp-hook.php:292
[16-Aug-2021 10:03:14 UTC] PHP   7. trigger_error() C:\wamp64\www\WordPress\wp-includes\update.php:614
[16-Aug-2021 10:03:20 UTC] PHP Warning:  An unexpected error occurred. Something may be wrong with WordPress.org or this server&#8217;s configuration. If you continue to have problems, please try the <a href="https://wordpress.org/support/forums/">support forums</a>. (WordPress could not establish a secure connection to WordPress.org. Please contact your server administrator.) in C:\wamp64\www\WordPress\wp-includes\update.php on line 175
[16-Aug-2021 10:03:20 UTC] PHP Stack trace:
[16-Aug-2021 10:03:20 UTC] PHP   1. {main}() C:\wamp64\www\WordPress\wp-admin\update-core.php:0
[16-Aug-2021 10:03:20 UTC] PHP   2. wp_version_check() C:\wamp64\www\WordPress\wp-admin\update-core.php:978
[16-Aug-2021 10:03:20 UTC] PHP   3. trigger_error() C:\wamp64\www\WordPress\wp-includes\update.php:175
[16-Aug-2021 10:03:20 UTC] PHP Warning:  Cannot modify header information - headers already sent by (output started at C:\wamp64\www\WordPress\wp-includes\update.php:614) in C:\wamp64\www\WordPress\wp-admin\admin-header.php on line 9
[16-Aug-2021 10:03:20 UTC] PHP Stack trace:
[16-Aug-2021 10:03:20 UTC] PHP   1. {main}() C:\wamp64\www\WordPress\wp-admin\update-core.php:0
[16-Aug-2021 10:03:20 UTC] PHP   2. require_once() C:\wamp64\www\WordPress\wp-admin\update-core.php:980
[16-Aug-2021 10:03:20 UTC] PHP   3. header() C:\wamp64\www\WordPress\wp-admin\admin-header.php:9
[16-Aug-2021 10:20:32 UTC] PHP Warning:  An unexpected error occurred. Something may be wrong with WordPress.org or this server&#8217;s configuration. If you continue to have problems, please try the <a href="https://wordpress.org/support/forums/">support forums</a>. (WordPress could not establish a secure connection to WordPress.org. Please contact your server administrator.) in C:\wamp64\www\WordPress\wp-includes\update.php on line 410
[16-Aug-2021 10:20:32 UTC] PHP Stack trace:
[16-Aug-2021 10:20:32 UTC] PHP   1. {main}() C:\wamp64\www\WordPress\wp-admin\plugins.php:0
[16-Aug-2021 10:20:32 UTC] PHP   2. require_once() C:\wamp64\www\WordPress\wp-admin\plugins.php:10
[16-Aug-2021 10:20:32 UTC] PHP   3. do_action() C:\wamp64\www\WordPress\wp-admin\admin.php:374
[16-Aug-2021 10:20:32 UTC] PHP   4. WP_Hook->do_action() C:\wamp64\www\WordPress\wp-includes\plugin.php:484
[16-Aug-2021 10:20:33 UTC] PHP   5. WP_Hook->apply_filters() C:\wamp64\www\WordPress\wp-includes\class-wp-hook.php:316
[16-Aug-2021 10:20:33 UTC] PHP   6. wp_update_plugins() C:\wamp64\www\WordPress\wp-includes\class-wp-hook.php:292
[16-Aug-2021 10:20:33 UTC] PHP   7. trigger_error() C:\wamp64\www\WordPress\wp-includes\update.php:410
[16-Aug-2021 10:20:56 UTC] PHP Warning:  An unexpected error occurred. Something may be wrong with WordPress.org or this server&#8217;s configuration. If you continue to have problems, please try the <a href="https://wordpress.org/support/forums/">support forums</a>. (WordPress could not establish a secure connection to WordPress.org. Please contact your server administrator.) in C:\wamp64\www\WordPress\wp-includes\update.php on line 175
[16-Aug-2021 10:20:56 UTC] PHP Stack trace:
[16-Aug-2021 10:20:56 UTC] PHP   1. {main}() C:\wamp64\www\WordPress\wp-admin\update-core.php:0
[16-Aug-2021 10:20:56 UTC] PHP   2. wp_version_check() C:\wamp64\www\WordPress\wp-admin\update-core.php:978
[16-Aug-2021 10:20:56 UTC] PHP   3. trigger_error() C:\wamp64\www\WordPress\wp-includes\update.php:175
[16-Aug-2021 10:21:08 UTC] PHP Warning:  An unexpected error occurred. Something may be wrong with WordPress.org or this server&#8217;s configuration. If you continue to have problems, please try the <a href="https://wordpress.org/support/forums/">support forums</a>. (WordPress could not establish a secure connection to WordPress.org. Please contact your server administrator.) in C:\wamp64\www\WordPress\wp-admin\includes\update.php on line 143
[16-Aug-2021 10:21:08 UTC] PHP Stack trace:
[16-Aug-2021 10:21:08 UTC] PHP   1. {main}() C:\wamp64\www\WordPress\wp-admin\update-core.php:0
[16-Aug-2021 10:21:08 UTC] PHP   2. do_core_upgrade() C:\wamp64\www\WordPress\wp-admin\update-core.php:1070
[16-Aug-2021 10:21:08 UTC] PHP   3. Core_Upgrader->upgrade() C:\wamp64\www\WordPress\wp-admin\update-core.php:841
[16-Aug-2021 10:21:08 UTC] PHP   4. Core_Upgrader->check_files() C:\wamp64\www\WordPress\wp-admin\includes\class-core-upgrader.php:95
[16-Aug-2021 10:21:08 UTC] PHP   5. get_core_checksums() C:\wamp64\www\WordPress\wp-admin\includes\class-core-upgrader.php:400
[16-Aug-2021 10:21:08 UTC] PHP   6. trigger_error() C:\wamp64\www\WordPress\wp-admin\includes\update.php:143
[16-Aug-2021 10:23:06 UTC] PHP Fatal error:  Maximum execution time of 120 seconds exceeded in C:\wamp64\www\WordPress\wp-includes\Requests\Transport\cURL.php on line 462
[16-Aug-2021 10:23:06 UTC] PHP Stack trace:
[16-Aug-2021 10:23:06 UTC] PHP   1. {main}() C:\wamp64\www\WordPress\wp-admin\update-core.php:0
[16-Aug-2021 10:23:06 UTC] PHP   2. do_core_upgrade() C:\wamp64\www\WordPress\wp-admin\update-core.php:1070
[16-Aug-2021 10:23:06 UTC] PHP   3. Core_Upgrader->upgrade() C:\wamp64\www\WordPress\wp-admin\update-core.php:841
[16-Aug-2021 10:23:06 UTC] PHP   4. Core_Upgrader->download_package() C:\wamp64\www\WordPress\wp-admin\includes\class-core-upgrader.php:124
[16-Aug-2021 10:23:06 UTC] PHP   5. download_url() C:\wamp64\www\WordPress\wp-admin\includes\class-wp-upgrader.php:283
[16-Aug-2021 10:23:06 UTC] PHP   6. wp_safe_remote_get() C:\wamp64\www\WordPress\wp-admin\includes\file.php:1087
[16-Aug-2021 10:23:06 UTC] PHP   7. WP_Http->get() C:\wamp64\www\WordPress\wp-includes\http.php:68
[16-Aug-2021 10:23:06 UTC] PHP   8. WP_Http->request() C:\wamp64\www\WordPress\wp-includes\class-http.php:626
[16-Aug-2021 10:23:06 UTC] PHP   9. Requests::request() C:\wamp64\www\WordPress\wp-includes\class-http.php:394
[16-Aug-2021 10:23:06 UTC] PHP  10. Requests::parse_response() C:\wamp64\www\WordPress\wp-includes\class-requests.php:385
[16-Aug-2021 10:23:06 UTC] PHP  11. Requests::request() C:\wamp64\www\WordPress\wp-includes\class-requests.php:708
[16-Aug-2021 10:23:06 UTC] PHP  12. Requests_Transport_cURL->request() C:\wamp64\www\WordPress\wp-includes\class-requests.php:381
[16-Aug-2021 10:23:06 UTC] PHP  13. curl_exec() C:\wamp64\www\WordPress\wp-includes\Requests\Transport\cURL.php:162
[16-Aug-2021 10:23:06 UTC] PHP  14. Requests_Transport_cURL->stream_body() C:\wamp64\www\WordPress\wp-includes\Requests\Transport\cURL.php:162
[16-Aug-2021 11:56:24 UTC] PHP Warning:  An unexpected error occurred. Something may be wrong with WordPress.org or this server&#8217;s configuration. If you continue to have problems, please try the <a href="https://wordpress.org/support/forums/">support forums</a>. (WordPress could not establish a secure connection to WordPress.org. Please contact your server administrator.) in C:\wamp64\www\WordPress\wp-includes\update.php on line 614
[16-Aug-2021 11:56:24 UTC] PHP Stack trace:
[16-Aug-2021 11:56:24 UTC] PHP   1. {main}() C:\wamp64\www\WordPress\wp-admin\themes.php:0
[16-Aug-2021 11:56:24 UTC] PHP   2. require_once() C:\wamp64\www\WordPress\wp-admin\themes.php:10
[16-Aug-2021 11:56:24 UTC] PHP   3. do_action() C:\wamp64\www\WordPress\wp-admin\admin.php:374
[16-Aug-2021 11:56:24 UTC] PHP   4. WP_Hook->do_action() C:\wamp64\www\WordPress\wp-includes\plugin.php:484
[16-Aug-2021 11:56:24 UTC] PHP   5. WP_Hook->apply_filters() C:\wamp64\www\WordPress\wp-includes\class-wp-hook.php:316
[16-Aug-2021 11:56:24 UTC] PHP   6. wp_update_themes() C:\wamp64\www\WordPress\wp-includes\class-wp-hook.php:292
[16-Aug-2021 11:56:24 UTC] PHP   7. trigger_error() C:\wamp64\www\WordPress\wp-includes\update.php:614
[16-Aug-2021 11:58:54 UTC] PHP Fatal error:  Maximum execution time of 120 seconds exceeded in C:\wamp64\www\WordPress\wp-includes\Requests\Transport\cURL.php on line 462
[16-Aug-2021 11:58:54 UTC] PHP Stack trace:
[16-Aug-2021 11:58:54 UTC] PHP   1. {main}() C:\wamp64\www\WordPress\wp-admin\update-core.php:0
[16-Aug-2021 11:58:54 UTC] PHP   2. do_core_upgrade() C:\wamp64\www\WordPress\wp-admin\update-core.php:1070
[16-Aug-2021 11:58:54 UTC] PHP   3. Core_Upgrader->upgrade() C:\wamp64\www\WordPress\wp-admin\update-core.php:841
[16-Aug-2021 11:58:54 UTC] PHP   4. Core_Upgrader->download_package() C:\wamp64\www\WordPress\wp-admin\includes\class-core-upgrader.php:124
[16-Aug-2021 11:58:54 UTC] PHP   5. download_url() C:\wamp64\www\WordPress\wp-admin\includes\class-wp-upgrader.php:283
[16-Aug-2021 11:58:54 UTC] PHP   6. wp_safe_remote_get() C:\wamp64\www\WordPress\wp-admin\includes\file.php:1087
[16-Aug-2021 11:58:54 UTC] PHP   7. WP_Http->get() C:\wamp64\www\WordPress\wp-includes\http.php:68
[16-Aug-2021 11:58:54 UTC] PHP   8. WP_Http->request() C:\wamp64\www\WordPress\wp-includes\class-http.php:626
[16-Aug-2021 11:58:54 UTC] PHP   9. Requests::request() C:\wamp64\www\WordPress\wp-includes\class-http.php:394
[16-Aug-2021 11:58:54 UTC] PHP  10. Requests_Transport_cURL->request() C:\wamp64\www\WordPress\wp-includes\class-requests.php:381
[16-Aug-2021 11:58:54 UTC] PHP  11. curl_exec() C:\wamp64\www\WordPress\wp-includes\Requests\Transport\cURL.php:162
[16-Aug-2021 11:58:54 UTC] PHP  12. Requests_Transport_cURL->stream_body() C:\wamp64\www\WordPress\wp-includes\Requests\Transport\cURL.php:162
[17-Aug-2021 07:02:51 UTC] PHP Warning:  An unexpected error occurred. Something may be wrong with WordPress.org or this server&#8217;s configuration. If you continue to have problems, please try the <a href="https://wordpress.org/support/forums/">support forums</a>. (WordPress could not establish a secure connection to WordPress.org. Please contact your server administrator.) in C:\wamp64\www\WordPress\wp-admin\includes\update.php on line 143
[17-Aug-2021 07:02:51 UTC] PHP Stack trace:
[17-Aug-2021 07:02:51 UTC] PHP   1. {main}() C:\wamp64\www\WordPress\wp-admin\update-core.php:0
[17-Aug-2021 07:02:51 UTC] PHP   2. do_core_upgrade() C:\wamp64\www\WordPress\wp-admin\update-core.php:1070
[17-Aug-2021 07:02:51 UTC] PHP   3. Core_Upgrader->upgrade() C:\wamp64\www\WordPress\wp-admin\update-core.php:841
[17-Aug-2021 07:02:51 UTC] PHP   4. Core_Upgrader->check_files() C:\wamp64\www\WordPress\wp-admin\includes\class-core-upgrader.php:95
[17-Aug-2021 07:02:51 UTC] PHP   5. get_core_checksums() C:\wamp64\www\WordPress\wp-admin\includes\class-core-upgrader.php:400
[17-Aug-2021 07:02:51 UTC] PHP   6. trigger_error() C:\wamp64\www\WordPress\wp-admin\includes\update.php:143
[17-Aug-2021 07:04:42 UTC] PHP Warning:  An unexpected error occurred. Something may be wrong with WordPress.org or this server&#8217;s configuration. If you continue to have problems, please try the <a href="https://wordpress.org/support/forums/">support forums</a>. (WordPress could not establish a secure connection to WordPress.org. Please contact your server administrator.) in C:\wamp64\www\WordPress\wp-admin\includes\update.php on line 143
[17-Aug-2021 07:04:42 UTC] PHP Stack trace:
[17-Aug-2021 07:04:42 UTC] PHP   1. {main}() C:\wamp64\www\WordPress\wp-admin\update-core.php:0
[17-Aug-2021 07:04:42 UTC] PHP   2. do_core_upgrade() C:\wamp64\www\WordPress\wp-admin\update-core.php:1070
[17-Aug-2021 07:04:42 UTC] PHP   3. Core_Upgrader->upgrade() C:\wamp64\www\WordPress\wp-admin\update-core.php:841
[17-Aug-2021 07:04:42 UTC] PHP   4. update_core() C:\wamp64\www\WordPress\wp-admin\includes\class-core-upgrader.php:172
[17-Aug-2021 07:04:42 UTC] PHP   5. get_core_checksums() C:\wamp64\www\WordPress\wp-admin\includes\update-core.php:1090
[17-Aug-2021 07:04:42 UTC] PHP   6. trigger_error() C:\wamp64\www\WordPress\wp-admin\includes\update.php:143
[17-Aug-2021 07:05:16 UTC] PHP Warning:  An unexpected error occurred. Something may be wrong with WordPress.org or this server&#8217;s configuration. If you continue to have problems, please try the <a href="https://wordpress.org/support/forums/">support forums</a>. (WordPress could not establish a secure connection to WordPress.org. Please contact your server administrator.) in C:\wamp64\www\WordPress\wp-includes\update.php on line 175
[17-Aug-2021 07:05:16 UTC] PHP Stack trace:
[17-Aug-2021 07:05:16 UTC] PHP   1. {main}() C:\wamp64\www\WordPress\wp-admin\update-core.php:0
[17-Aug-2021 07:05:16 UTC] PHP   2. do_core_upgrade() C:\wamp64\www\WordPress\wp-admin\update-core.php:1070
[17-Aug-2021 07:05:16 UTC] PHP   3. Core_Upgrader->upgrade() C:\wamp64\www\WordPress\wp-admin\update-core.php:841
[17-Aug-2021 07:05:16 UTC] PHP   4. wp_version_check() C:\wamp64\www\WordPress\wp-admin\includes\class-core-upgrader.php:257
[17-Aug-2021 07:05:16 UTC] PHP   5. trigger_error() C:\wamp64\www\WordPress\wp-includes\update.php:175
[17-Aug-2021 11:59:17 UTC] PHP Deprecated:  Theme without sidebar.php is <strong>deprecated</strong> since version 3.0.0 with no alternative available. Please include a sidebar.php template in your theme. in C:\wamp64\www\WordPress\wp-includes\functions.php on line 5283
[17-Aug-2021 11:59:17 UTC] PHP Stack trace:
[17-Aug-2021 11:59:17 UTC] PHP   1. {main}() C:\wamp64\www\WordPress\index.php:0
[17-Aug-2021 11:59:17 UTC] PHP   2. require() C:\wamp64\www\WordPress\index.php:17
[17-Aug-2021 11:59:17 UTC] PHP   3. require_once() C:\wamp64\www\WordPress\wp-blog-header.php:19
[17-Aug-2021 11:59:17 UTC] PHP   4. include() C:\wamp64\www\WordPress\wp-includes\template-loader.php:106
[17-Aug-2021 11:59:17 UTC] PHP   5. get_sidebar() C:\wamp64\www\WordPress\wp-content\themes\createtheme\page.php:5
[17-Aug-2021 11:59:17 UTC] PHP   6. locate_template() C:\wamp64\www\WordPress\wp-includes\general-template.php:136
[17-Aug-2021 11:59:17 UTC] PHP   7. load_template() C:\wamp64\www\WordPress\wp-includes\template.php:716
[17-Aug-2021 11:59:17 UTC] PHP   8. require_once() C:\wamp64\www\WordPress\wp-includes\template.php:770
[17-Aug-2021 11:59:17 UTC] PHP   9. _deprecated_file() C:\wamp64\www\WordPress\wp-includes\theme-compat\sidebar.php:15
[17-Aug-2021 11:59:17 UTC] PHP  10. trigger_error() C:\wamp64\www\WordPress\wp-includes\functions.php:5283
[17-Aug-2021 12:00:32 UTC] PHP Deprecated:  Theme without sidebar.php is <strong>deprecated</strong> since version 3.0.0 with no alternative available. Please include a sidebar.php template in your theme. in C:\wamp64\www\WordPress\wp-includes\functions.php on line 5283
[17-Aug-2021 12:00:32 UTC] PHP Stack trace:
[17-Aug-2021 12:00:32 UTC] PHP   1. {main}() C:\wamp64\www\WordPress\index.php:0
[17-Aug-2021 12:00:32 UTC] PHP   2. require() C:\wamp64\www\WordPress\index.php:17
[17-Aug-2021 12:00:32 UTC] PHP   3. require_once() C:\wamp64\www\WordPress\wp-blog-header.php:19
[17-Aug-2021 12:00:32 UTC] PHP   4. include() C:\wamp64\www\WordPress\wp-includes\template-loader.php:106
[17-Aug-2021 12:00:32 UTC] PHP   5. get_sidebar() C:\wamp64\www\WordPress\wp-content\themes\createtheme\page.php:5
[17-Aug-2021 12:00:32 UTC] PHP   6. locate_template() C:\wamp64\www\WordPress\wp-includes\general-template.php:136
[17-Aug-2021 12:00:32 UTC] PHP   7. load_template() C:\wamp64\www\WordPress\wp-includes\template.php:716
[17-Aug-2021 12:00:32 UTC] PHP   8. require_once() C:\wamp64\www\WordPress\wp-includes\template.php:770
[17-Aug-2021 12:00:32 UTC] PHP   9. _deprecated_file() C:\wamp64\www\WordPress\wp-includes\theme-compat\sidebar.php:15
[17-Aug-2021 12:00:32 UTC] PHP  10. trigger_error() C:\wamp64\www\WordPress\wp-includes\functions.php:5283
[17-Aug-2021 12:00:59 UTC] PHP Deprecated:  Theme without sidebar.php is <strong>deprecated</strong> since version 3.0.0 with no alternative available. Please include a sidebar.php template in your theme. in C:\wamp64\www\WordPress\wp-includes\functions.php on line 5283
[17-Aug-2021 12:00:59 UTC] PHP Stack trace:
[17-Aug-2021 12:00:59 UTC] PHP   1. {main}() C:\wamp64\www\WordPress\index.php:0
[17-Aug-2021 12:00:59 UTC] PHP   2. require() C:\wamp64\www\WordPress\index.php:17
[17-Aug-2021 12:00:59 UTC] PHP   3. require_once() C:\wamp64\www\WordPress\wp-blog-header.php:19
[17-Aug-2021 12:00:59 UTC] PHP   4. include() C:\wamp64\www\WordPress\wp-includes\template-loader.php:106
[17-Aug-2021 12:00:59 UTC] PHP   5. get_sidebar() C:\wamp64\www\WordPress\wp-content\themes\createtheme\page.php:5
[17-Aug-2021 12:00:59 UTC] PHP   6. locate_template() C:\wamp64\www\WordPress\wp-includes\general-template.php:136
[17-Aug-2021 12:00:59 UTC] PHP   7. load_template() C:\wamp64\www\WordPress\wp-includes\template.php:716
[17-Aug-2021 12:00:59 UTC] PHP   8. require_once() C:\wamp64\www\WordPress\wp-includes\template.php:770
[17-Aug-2021 12:00:59 UTC] PHP   9. _deprecated_file() C:\wamp64\www\WordPress\wp-includes\theme-compat\sidebar.php:15
[17-Aug-2021 12:00:59 UTC] PHP  10. trigger_error() C:\wamp64\www\WordPress\wp-includes\functions.php:5283
[17-Aug-2021 12:01:17 UTC] PHP Deprecated:  Theme without sidebar.php is <strong>deprecated</strong> since version 3.0.0 with no alternative available. Please include a sidebar.php template in your theme. in C:\wamp64\www\WordPress\wp-includes\functions.php on line 5283
[17-Aug-2021 12:01:17 UTC] PHP Stack trace:
[17-Aug-2021 12:01:17 UTC] PHP   1. {main}() C:\wamp64\www\WordPress\index.php:0
[17-Aug-2021 12:01:17 UTC] PHP   2. require() C:\wamp64\www\WordPress\index.php:17
[17-Aug-2021 12:01:17 UTC] PHP   3. require_once() C:\wamp64\www\WordPress\wp-blog-header.php:19
[17-Aug-2021 12:01:17 UTC] PHP   4. include() C:\wamp64\www\WordPress\wp-includes\template-loader.php:106
[17-Aug-2021 12:01:17 UTC] PHP   5. get_sidebar() C:\wamp64\www\WordPress\wp-content\themes\createtheme\page.php:5
[17-Aug-2021 12:01:17 UTC] PHP   6. locate_template() C:\wamp64\www\WordPress\wp-includes\general-template.php:136
[17-Aug-2021 12:01:17 UTC] PHP   7. load_template() C:\wamp64\www\WordPress\wp-includes\template.php:716
[17-Aug-2021 12:01:17 UTC] PHP   8. require_once() C:\wamp64\www\WordPress\wp-includes\template.php:770
[17-Aug-2021 12:01:17 UTC] PHP   9. _deprecated_file() C:\wamp64\www\WordPress\wp-includes\theme-compat\sidebar.php:15
[17-Aug-2021 12:01:17 UTC] PHP  10. trigger_error() C:\wamp64\www\WordPress\wp-includes\functions.php:5283
[17-Aug-2021 12:01:44 UTC] PHP Deprecated:  Theme without sidebar.php is <strong>deprecated</strong> since version 3.0.0 with no alternative available. Please include a sidebar.php template in your theme. in C:\wamp64\www\WordPress\wp-includes\functions.php on line 5283
[17-Aug-2021 12:01:44 UTC] PHP Stack trace:
[17-Aug-2021 12:01:44 UTC] PHP   1. {main}() C:\wamp64\www\WordPress\index.php:0
[17-Aug-2021 12:01:44 UTC] PHP   2. require() C:\wamp64\www\WordPress\index.php:17
[17-Aug-2021 12:01:44 UTC] PHP   3. require_once() C:\wamp64\www\WordPress\wp-blog-header.php:19
[17-Aug-2021 12:01:44 UTC] PHP   4. include() C:\wamp64\www\WordPress\wp-includes\template-loader.php:106
[17-Aug-2021 12:01:44 UTC] PHP   5. get_sidebar() C:\wamp64\www\WordPress\wp-content\themes\createtheme\page.php:5
[17-Aug-2021 12:01:44 UTC] PHP   6. locate_template() C:\wamp64\www\WordPress\wp-includes\general-template.php:136
[17-Aug-2021 12:01:44 UTC] PHP   7. load_template() C:\wamp64\www\WordPress\wp-includes\template.php:716
[17-Aug-2021 12:01:44 UTC] PHP   8. require_once() C:\wamp64\www\WordPress\wp-includes\template.php:770
[17-Aug-2021 12:01:44 UTC] PHP   9. _deprecated_file() C:\wamp64\www\WordPress\wp-includes\theme-compat\sidebar.php:15
[17-Aug-2021 12:01:44 UTC] PHP  10. trigger_error() C:\wamp64\www\WordPress\wp-includes\functions.php:5283
[17-Aug-2021 12:02:16 UTC] PHP Deprecated:  Theme without sidebar.php is <strong>deprecated</strong> since version 3.0.0 with no alternative available. Please include a sidebar.php template in your theme. in C:\wamp64\www\WordPress\wp-includes\functions.php on line 5283
[17-Aug-2021 12:02:16 UTC] PHP Stack trace:
[17-Aug-2021 12:02:16 UTC] PHP   1. {main}() C:\wamp64\www\WordPress\index.php:0
[17-Aug-2021 12:02:16 UTC] PHP   2. require() C:\wamp64\www\WordPress\index.php:17
[17-Aug-2021 12:02:16 UTC] PHP   3. require_once() C:\wamp64\www\WordPress\wp-blog-header.php:19
[17-Aug-2021 12:02:16 UTC] PHP   4. include() C:\wamp64\www\WordPress\wp-includes\template-loader.php:106
[17-Aug-2021 12:02:16 UTC] PHP   5. get_sidebar() C:\wamp64\www\WordPress\wp-content\themes\createtheme\page.php:5
[17-Aug-2021 12:02:16 UTC] PHP   6. locate_template() C:\wamp64\www\WordPress\wp-includes\general-template.php:136
[17-Aug-2021 12:02:16 UTC] PHP   7. load_template() C:\wamp64\www\WordPress\wp-includes\template.php:716
[17-Aug-2021 12:02:16 UTC] PHP   8. require_once() C:\wamp64\www\WordPress\wp-includes\template.php:770
[17-Aug-2021 12:02:16 UTC] PHP   9. _deprecated_file() C:\wamp64\www\WordPress\wp-includes\theme-compat\sidebar.php:15
[17-Aug-2021 12:02:16 UTC] PHP  10. trigger_error() C:\wamp64\www\WordPress\wp-includes\functions.php:5283
[17-Aug-2021 12:09:57 UTC] PHP Deprecated:  Theme without sidebar.php is <strong>deprecated</strong> since version 3.0.0 with no alternative available. Please include a sidebar.php template in your theme. in C:\wamp64\www\WordPress\wp-includes\functions.php on line 5283
[17-Aug-2021 12:09:57 UTC] PHP Stack trace:
[17-Aug-2021 12:09:57 UTC] PHP   1. {main}() C:\wamp64\www\WordPress\index.php:0
[17-Aug-2021 12:09:57 UTC] PHP   2. require() C:\wamp64\www\WordPress\index.php:17
[17-Aug-2021 12:09:57 UTC] PHP   3. require_once() C:\wamp64\www\WordPress\wp-blog-header.php:19
[17-Aug-2021 12:09:57 UTC] PHP   4. include() C:\wamp64\www\WordPress\wp-includes\template-loader.php:106
[17-Aug-2021 12:09:57 UTC] PHP   5. get_sidebar() C:\wamp64\www\WordPress\wp-content\themes\createtheme\page.php:5
[17-Aug-2021 12:09:57 UTC] PHP   6. locate_template() C:\wamp64\www\WordPress\wp-includes\general-template.php:136
[17-Aug-2021 12:09:57 UTC] PHP   7. load_template() C:\wamp64\www\WordPress\wp-includes\template.php:716
[17-Aug-2021 12:09:57 UTC] PHP   8. require_once() C:\wamp64\www\WordPress\wp-includes\template.php:770
[17-Aug-2021 12:09:57 UTC] PHP   9. _deprecated_file() C:\wamp64\www\WordPress\wp-includes\theme-compat\sidebar.php:15
[17-Aug-2021 12:09:57 UTC] PHP  10. trigger_error() C:\wamp64\www\WordPress\wp-includes\functions.php:5283
[17-Aug-2021 12:12:19 UTC] PHP Deprecated:  Theme without sidebar.php is <strong>deprecated</strong> since version 3.0.0 with no alternative available. Please include a sidebar.php template in your theme. in C:\wamp64\www\WordPress\wp-includes\functions.php on line 5283
[17-Aug-2021 12:12:19 UTC] PHP Stack trace:
[17-Aug-2021 12:12:19 UTC] PHP   1. {main}() C:\wamp64\www\WordPress\index.php:0
[17-Aug-2021 12:12:19 UTC] PHP   2. require() C:\wamp64\www\WordPress\index.php:17
[17-Aug-2021 12:12:19 UTC] PHP   3. require_once() C:\wamp64\www\WordPress\wp-blog-header.php:19
[17-Aug-2021 12:12:19 UTC] PHP   4. include() C:\wamp64\www\WordPress\wp-includes\template-loader.php:106
[17-Aug-2021 12:12:19 UTC] PHP   5. get_sidebar() C:\wamp64\www\WordPress\wp-content\themes\createtheme\page.php:5
[17-Aug-2021 12:12:19 UTC] PHP   6. locate_template() C:\wamp64\www\WordPress\wp-includes\general-template.php:136
[17-Aug-2021 12:12:19 UTC] PHP   7. load_template() C:\wamp64\www\WordPress\wp-includes\template.php:716
[17-Aug-2021 12:12:19 UTC] PHP   8. require_once() C:\wamp64\www\WordPress\wp-includes\template.php:770
[17-Aug-2021 12:12:19 UTC] PHP   9. _deprecated_file() C:\wamp64\www\WordPress\wp-includes\theme-compat\sidebar.php:15
[17-Aug-2021 12:12:19 UTC] PHP  10. trigger_error() C:\wamp64\www\WordPress\wp-includes\functions.php:5283
[17-Aug-2021 12:12:56 UTC] PHP Deprecated:  Theme without sidebar.php is <strong>deprecated</strong> since version 3.0.0 with no alternative available. Please include a sidebar.php template in your theme. in C:\wamp64\www\WordPress\wp-includes\functions.php on line 5283
[17-Aug-2021 12:12:56 UTC] PHP Stack trace:
[17-Aug-2021 12:12:56 UTC] PHP   1. {main}() C:\wamp64\www\WordPress\index.php:0
[17-Aug-2021 12:12:56 UTC] PHP   2. require() C:\wamp64\www\WordPress\index.php:17
[17-Aug-2021 12:12:56 UTC] PHP   3. require_once() C:\wamp64\www\WordPress\wp-blog-header.php:19
[17-Aug-2021 12:12:56 UTC] PHP   4. include() C:\wamp64\www\WordPress\wp-includes\template-loader.php:106
[17-Aug-2021 12:12:56 UTC] PHP   5. get_sidebar() C:\wamp64\www\WordPress\wp-content\themes\createtheme\page.php:4
[17-Aug-2021 12:12:56 UTC] PHP   6. locate_template() C:\wamp64\www\WordPress\wp-includes\general-template.php:136
[17-Aug-2021 12:12:56 UTC] PHP   7. load_template() C:\wamp64\www\WordPress\wp-includes\template.php:716
[17-Aug-2021 12:12:56 UTC] PHP   8. require_once() C:\wamp64\www\WordPress\wp-includes\template.php:770
[17-Aug-2021 12:12:56 UTC] PHP   9. _deprecated_file() C:\wamp64\www\WordPress\wp-includes\theme-compat\sidebar.php:15
[17-Aug-2021 12:12:56 UTC] PHP  10. trigger_error() C:\wamp64\www\WordPress\wp-includes\functions.php:5283
[17-Aug-2021 12:16:04 UTC] PHP Warning:  An unexpected error occurred. Something may be wrong with WordPress.org or this server&#8217;s configuration. If you continue to have problems, please try the <a href="https://wordpress.org/support/forums/">support forums</a>. (WordPress could not establish a secure connection to WordPress.org. Please contact your server administrator.) in C:\wamp64\www\WordPress\wp-admin\includes\translation-install.php on line 68
[17-Aug-2021 12:16:04 UTC] PHP Stack trace:
[17-Aug-2021 12:16:04 UTC] PHP   1. {main}() C:\wamp64\www\WordPress\wp-admin\options-general.php:0
[17-Aug-2021 12:16:04 UTC] PHP   2. wp_get_available_translations() C:\wamp64\www\WordPress\wp-admin\options-general.php:159
[17-Aug-2021 12:16:04 UTC] PHP   3. translations_api() C:\wamp64\www\WordPress\wp-admin\includes\translation-install.php:133
[17-Aug-2021 12:16:04 UTC] PHP   4. trigger_error() C:\wamp64\www\WordPress\wp-admin\includes\translation-install.php:68
[18-Aug-2021 09:32:27 UTC] PHP Fatal error:  Uncaught Error: Call to undefined function get_blog_info() in C:\wamp64\www\WordPress\wp-content\themes\createtheme\header.php:23
Stack trace:
#0 C:\wamp64\www\WordPress\wp-includes\template.php(770): require_once()
#1 C:\wamp64\www\WordPress\wp-includes\template.php(716): load_template('C:\\wamp64\\www\\W...', true, Array)
#2 C:\wamp64\www\WordPress\wp-includes\general-template.php(48): locate_template(Array, true, true, Array)
#3 C:\wamp64\www\WordPress\wp-content\themes\createtheme\front-page.php(1): get_header()
#4 C:\wamp64\www\WordPress\wp-includes\template-loader.php(106): include('C:\\wamp64\\www\\W...')
#5 C:\wamp64\www\WordPress\wp-blog-header.php(19): require_once('C:\\wamp64\\www\\W...')
#6 C:\wamp64\www\WordPress\index.php(17): require('C:\\wamp64\\www\\W...')
#7 {main}
  thrown in C:\wamp64\www\WordPress\wp-content\themes\createtheme\header.php on line 23
[19-Aug-2021 09:42:49 UTC] PHP Parse error:  syntax error, unexpected ',' in C:\wamp64\www\WordPress\wp-content\themes\createtheme\functions.php on line 10
